2017-11-22 16:29:26,245 p=19806 u=plona |  changed: [localhost]
2017-11-22 16:29:26,247 p=19806 u=plona |  PLAY [upgrade from jessie to stretch] ******************************************
2017-11-22 16:29:26,248 p=19806 u=plona |  TASK [setup] *******************************************************************
2017-11-22 16:29:28,969 p=19806 u=plona |  ok: [db-slave.dro.nask.pl]
2017-11-22 16:29:28,971 p=19806 u=plona |  TASK [fetch  conf (find)] ******************************************************
2017-11-22 16:29:29,940 p=19806 u=plona |  ok: [db-slave.dro.nask.pl]
2017-11-22 16:29:29,941 p=19806 u=plona |  TASK [debug] *******************************************************************
2017-11-22 16:29:29,981 p=19806 u=plona |  ok: [db-slave.dro.nask.pl] => {
    "msg": [
        {
            "atime": 1511364486.8991654, 
            "ctime": 1511362821.5522265, 
            "dev": 64768, 
            "gid": 0, 
            "inode": 259260, 
            "isblk": false, 
            "ischr": false, 
            "isdir": false, 
            "isfifo": false, 
            "isgid": false, 
            "islnk": false, 
            "isreg": true, 
            "issock": false, 
            "isuid": false, 
            "mode": "0644", 
            "mtime": 1511362821.5522265, 
            "nlink": 1, 
            "path": "/var/tmp/upgrade.bck/etc.tar", 
            "rgrp": true, 
            "roth": true, 
            "rusr": true, 
            "size": 2877440, 
            "uid": 0, 
            "wgrp": false, 
            "woth": false, 
            "wusr": true, 
            "xgrp": false, 
            "xoth": false, 
            "xusr": false
        }, 
        {
            "atime": 1511364488.4631572, 
            "ctime": 1511362821.3442278, 
            "dev": 64768, 
            "gid": 0, 
            "inode": 259258, 
            "isblk": false, 
            "ischr": false, 
            "isdir": false, 
            "isfifo": false, 
            "isgid": false, 
            "islnk": false, 
            "isreg": true, 
            "issock": false, 
            "isuid": false, 
            "mode": "0644", 
            "mtime": 1511362821.3442278, 
            "nlink": 1, 
            "path": "/var/tmp/upgrade.bck/extended_states.tar", 
            "rgrp": true, 
            "roth": true, 
            "rusr": true, 
            "size": 30720, 
            "uid": 0, 
            "wgrp": false, 
            "woth": false, 
            "wusr": true, 
            "xgrp": false, 
            "xoth": false, 
            "xusr": false
        }, 
        {
            "atime": 1511364489.4671516, 
            "ctime": 1511362821.696226, 
            "dev": 64768, 
            "gid": 0, 
            "inode": 259160, 
            "isblk": false, 
            "ischr": false, 
            "isdir": false, 
            "isfifo": false, 
            "isgid": false, 
            "islnk": false, 
            "isreg": true, 
            "issock": false, 
            "isuid": false, 
            "mode": "0644", 
            "mtime": 1511362821.696226, 
            "nlink": 1, 
            "path": "/var/tmp/upgrade.bck/dpkg.txt", 
            "rgrp": true, 
            "roth": true, 
            "rusr": true, 
            "size": 15721, 
            "uid": 0, 
            "wgrp": false, 
            "woth": false, 
            "wusr": true, 
            "xgrp": false, 
            "xoth": false, 
            "xusr": false
        }, 
        {
            "atime": 1511364490.4591465, 
            "ctime": 1511362820.752231, 
            "dev": 64768, 
            "gid": 0, 
            "inode": 259267, 
            "isblk": false, 
            "ischr": false, 
            "isdir": false, 
            "isfifo": false, 
            "isgid": false, 
            "islnk": false, 
            "isreg": true, 
            "issock": false, 
            "isuid": false, 
            "mode": "0644", 
            "mtime": 1511362820.752231, 
            "nlink": 1, 
            "path": "/var/tmp/upgrade.bck/pkgstates.tar", 
            "rgrp": true, 
            "roth": true, 
            "rusr": true, 
            "size": 4341760, 
            "uid": 0, 
            "wgrp": false, 
            "woth": false, 
            "wusr": true, 
            "xgrp": false, 
            "xoth": false, 
            "xusr": false
        }, 
        {
            "atime": 1511364492.1351376, 
            "ctime": 1511362821.2482283, 
            "dev": 64768, 
            "gid": 0, 
            "inode": 259235, 
            "isblk": false, 
            "ischr": false, 
            "isdir": false, 
            "isfifo": false, 
            "isgid": false, 
            "islnk": false, 
            "isreg": true, 
            "issock": false, 
            "isuid": false, 
            "mode": "0644", 
            "mtime": 1511362821.2482283, 
            "nlink": 1, 
            "path": "/var/tmp/upgrade.bck/dpkg.tar", 
            "rgrp": true, 
            "roth": true, 
            "rusr": true, 
            "size": 16046080, 
            "uid": 0, 
            "wgrp": false, 
            "woth": false, 
            "wusr": true, 
            "xgrp": false, 
            "xoth": false, 
            "xusr": false
        }
    ]
}
2017-11-22 16:29:29,982 p=19806 u=plona |  TASK [fetch conf (fetch)] ******************************************************
2017-11-22 16:29:31,651 p=19806 u=plona |  changed: [db-slave.dro.nask.pl] => (item={u'uid': 0, u'woth': False, u'mtime': 1511362821.5522265, u'inode': 259260, u'isgid': False, u'size': 2877440, u'roth': True, u'isuid': False, u'isreg': True, u'gid': 0, u'ischr': False, u'wusr': True, u'xoth': False, u'rusr': True, u'nlink': 1, u'issock': False, u'rgrp': True, u'path': u'/var/tmp/upgrade.bck/etc.tar', u'xusr': False, u'atime': 1511364486.8991654, u'isdir': False, u'ctime': 1511362821.5522265, u'wgrp': False, u'xgrp': False, u'dev': 64768, u'isblk': False, u'isfifo': False, u'mode': u'0644', u'islnk': False})
2017-11-22 16:29:32,653 p=19806 u=plona |  changed: [db-slave.dro.nask.pl] => (item={u'uid': 0, u'woth': False, u'mtime': 1511362821.3442278, u'inode': 259258, u'isgid': False, u'size': 30720, u'roth': True, u'isuid': False, u'isreg': True, u'gid': 0, u'ischr': False, u'wusr': True, u'xoth': False, u'rusr': True, u'nlink': 1, u'issock': False, u'rgrp': True, u'path': u'/var/tmp/upgrade.bck/extended_states.tar', u'xusr': False, u'atime': 1511364488.4631572, u'isdir': False, u'ctime': 1511362821.3442278, u'wgrp': False, u'xgrp': False, u'dev': 64768, u'isblk': False, u'isfifo': False, u'mode': u'0644', u'islnk': False})
2017-11-22 16:29:33,631 p=19806 u=plona |  changed: [db-slave.dro.nask.pl] => (item={u'uid': 0, u'woth': False, u'mtime': 1511362821.696226, u'inode': 259160, u'isgid': False, u'size': 15721, u'roth': True, u'isuid': False, u'isreg': True, u'gid': 0, u'ischr': False, u'wusr': True, u'xoth': False, u'rusr': True, u'nlink': 1, u'issock': False, u'rgrp': True, u'path': u'/var/tmp/upgrade.bck/dpkg.txt', u'xusr': False, u'atime': 1511364489.4671516, u'isdir': False, u'ctime': 1511362821.696226, u'wgrp': False, u'xgrp': False, u'dev': 64768, u'isblk': False, u'isfifo': False, u'mode': u'0644', u'islnk': False})
2017-11-22 16:29:35,355 p=19806 u=plona |  changed: [db-slave.dro.nask.pl] => (item={u'uid': 0, u'woth': False, u'mtime': 1511362820.752231, u'inode': 259267, u'isgid': False, u'size': 4341760, u'roth': True, u'isuid': False, u'isreg': True, u'gid': 0, u'ischr': False, u'wusr': True, u'xoth': False, u'rusr': True, u'nlink': 1, u'issock': False, u'rgrp': True, u'path': u'/var/tmp/upgrade.bck/pkgstates.tar', u'xusr': False, u'atime': 1511364490.4591465, u'isdir': False, u'ctime': 1511362820.752231, u'wgrp': False, u'xgrp': False, u'dev': 64768, u'isblk': False, u'isfifo': False, u'mode': u'0644', u'islnk': False})
2017-11-22 16:29:39,853 p=19806 u=plona |  changed: [db-slave.dro.nask.pl] => (item={u'uid': 0, u'woth': False, u'mtime': 1511362821.2482283, u'inode': 259235, u'isgid': False, u'size': 16046080, u'roth': True, u'isuid': False, u'isreg': True, u'gid': 0, u'ischr': False, u'wusr': True, u'xoth': False, u'rusr': True, u'nlink': 1, u'issock': False, u'rgrp': True, u'path': u'/var/tmp/upgrade.bck/dpkg.tar', u'xusr': False, u'atime': 1511364492.1351376, u'isdir': False, u'ctime': 1511362821.2482283, u'wgrp': False, u'xgrp': False, u'dev': 64768, u'isblk': False, u'isfifo': False, u'mode': u'0644', u'islnk': False})
2017-11-22 16:29:39,854 p=19806 u=plona |  PLAY RECAP *********************************************************************
2017-11-22 16:29:39,854 p=19806 u=plona |  db-slave.dro.nask.pl       : ok=4    changed=1    unreachable=0    failed=0   
2017-11-22 16:29:39,855 p=19806 u=plona |  localhost                  : ok=3    changed=2    unreachable=0    failed=0   
